{"/home/stalker/Vidéos/ITexal/Admin Itexal/backend/src/commun/gardes/garde-authentification.ts": {"path":"/home/stalker/Vidéos/ITexal/Admin Itexal/backend/src/commun/gardes/garde-authentification.ts","statementMap":{"0":{"start":{"line":1,"column":0},"end":{"line":1,"column":98}},"1":{"start":{"line":2,"column":0},"end":{"line":2,"column":41}},"2":{"start":{"line":5,"column":7},"end":{"line":36,"column":null}},"3":{"start":{"line":6,"column":31},"end":{"line":6,"column":43}},"4":{"start":{"line":9,"column":20},"end":{"line":9,"column":55}},"5":{"start":{"line":10,"column":23},"end":{"line":10,"column":52}},"6":{"start":{"line":12,"column":4},"end":{"line":21,"column":5}},"7":{"start":{"line":14,"column":6},"end":{"line":19,"column":8}},"8":{"start":{"line":20,"column":6},"end":{"line":20,"column":18}},"9":{"start":{"line":23,"column":26},"end":{"line":23,"column":47}},"10":{"start":{"line":24,"column":4},"end":{"line":26,"column":5}},"11":{"start":{"line":25,"column":6},"end":{"line":25,"column":83}},"12":{"start":{"line":28,"column":4},"end":{"line":34,"column":5}},"13":{"start":{"line":29,"column":22},"end":{"line":29,"column":51}},"14":{"start":{"line":30,"column":6},"end":{"line":30,"column":29}},"15":{"start":{"line":31,"column":6},"end":{"line":31,"column":18}},"16":{"start":{"line":33,"column":6},"end":{"line":33,"column":86}},"17":{"start":{"line":5,"column":13},"end":{"line":5,"column":34}},"18":{"start":{"line":5,"column":13},"end":{"line":36,"column":null}}},"fnMap":{"0":{"name":"(anonymous_2)","decl":{"start":{"line":6,"column":2},"end":{"line":6,"column":31}},"loc":{"start":{"line":6,"column":53},"end":{"line":6,"column":57}}},"1":{"name":"(anonymous_3)","decl":{"start":{"line":8,"column":2},"end":{"line":8,"column":13}},"loc":{"start":{"line":8,"column":39},"end":{"line":35,"column":3}}}},"branchMap":{"0":{"loc":{"start":{"line":12,"column":4},"end":{"line":21,"column":5}},"type":"if","locations":[{"start":{"line":12,"column":4},"end":{"line":21,"column":5}},{"start":{},"end":{}}]},"1":{"loc":{"start":{"line":24,"column":4},"end":{"line":26,"column":5}},"type":"if","locations":[{"start":{"line":24,"column":4},"end":{"line":26,"column":5}},{"start":{},"end":{}}]},"2":{"loc":{"start":{"line":24,"column":8},"end":{"line":24,"column":35}},"type":"binary-expr","locations":[{"start":{"line":24,"column":8},"end":{"line":24,"column":25}},{"start":{"line":24,"column":29},"end":{"line":24,"column":35}}]}},"s":{"0":1,"1":1,"2":1,"3":4,"4":3,"5":3,"6":3,"7":1,"8":1,"9":2,"10":2,"11":0,"12":2,"13":2,"14":1,"15":1,"16":1,"17":1,"18":1},"f":{"0":4,"1":3},"b":{"0":[1,2],"1":[0,2],"2":[2,2]}}
,"/home/stalker/Vidéos/ITexal/Admin Itexal/backend/src/commun/gardes/garde-roles.ts": {"path":"/home/stalker/Vidéos/ITexal/Admin Itexal/backend/src/commun/gardes/garde-roles.ts","statementMap":{"0":{"start":{"line":1,"column":0},"end":{"line":1,"column":95}},"1":{"start":{"line":2,"column":0},"end":{"line":2,"column":41}},"2":{"start":{"line":3,"column":0},"end":{"line":3,"column":60}},"3":{"start":{"line":6,"column":7},"end":{"line":31,"column":null}},"4":{"start":{"line":7,"column":22},"end":{"line":7,"column":33}},"5":{"start":{"line":10,"column":24},"end":{"line":13,"column":6}},"6":{"start":{"line":15,"column":4},"end":{"line":17,"column":5}},"7":{"start":{"line":16,"column":6},"end":{"line":16,"column":18}},"8":{"start":{"line":19,"column":21},"end":{"line":19,"column":56}},"9":{"start":{"line":20,"column":4},"end":{"line":22,"column":5}},"10":{"start":{"line":21,"column":6},"end":{"line":21,"column":73}},"11":{"start":{"line":24,"column":19},"end":{"line":24,"column":90}},"12":{"start":{"line":25,"column":4},"end":{"line":27,"column":5}},"13":{"start":{"line":26,"column":6},"end":{"line":26,"column":106}},"14":{"start":{"line":29,"column":4},"end":{"line":29,"column":16}},"15":{"start":{"line":6,"column":13},"end":{"line":6,"column":23}},"16":{"start":{"line":6,"column":13},"end":{"line":31,"column":null}}},"fnMap":{"0":{"name":"(anonymous_2)","decl":{"start":{"line":7,"column":2},"end":{"line":7,"column":22}},"loc":{"start":{"line":7,"column":42},"end":{"line":7,"column":46}}},"1":{"name":"(anonymous_3)","decl":{"start":{"line":9,"column":2},"end":{"line":9,"column":13}},"loc":{"start":{"line":9,"column":39},"end":{"line":30,"column":3}}}},"branchMap":{"0":{"loc":{"start":{"line":15,"column":4},"end":{"line":17,"column":5}},"type":"if","locations":[{"start":{"line":15,"column":4},"end":{"line":17,"column":5}},{"start":{},"end":{}}]},"1":{"loc":{"start":{"line":15,"column":8},"end":{"line":15,"column":48}},"type":"binary-expr","locations":[{"start":{"line":15,"column":8},"end":{"line":15,"column":20}},{"start":{"line":15,"column":24},"end":{"line":15,"column":48}}]},"2":{"loc":{"start":{"line":20,"column":4},"end":{"line":22,"column":5}},"type":"if","locations":[{"start":{"line":20,"column":4},"end":{"line":22,"column":5}},{"start":{},"end":{}}]},"3":{"loc":{"start":{"line":20,"column":8},"end":{"line":20,"column":27}},"type":"binary-expr","locations":[{"start":{"line":20,"column":8},"end":{"line":20,"column":13}},{"start":{"line":20,"column":17},"end":{"line":20,"column":27}}]},"4":{"loc":{"start":{"line":24,"column":19},"end":{"line":24,"column":90}},"type":"binary-expr","locations":[{"start":{"line":24,"column":19},"end":{"line":24,"column":50}},{"start":{"line":24,"column":54},"end":{"line":24,"column":90}}]},"5":{"loc":{"start":{"line":25,"column":4},"end":{"line":27,"column":5}},"type":"if","locations":[{"start":{"line":25,"column":4},"end":{"line":27,"column":5}},{"start":{},"end":{}}]}},"s":{"0":1,"1":1,"2":1,"3":1,"4":4,"5":3,"6":3,"7":1,"8":2,"9":2,"10":0,"11":2,"12":2,"13":1,"14":1,"15":1,"16":1},"f":{"0":4,"1":3},"b":{"0":[1,2],"1":[3,2],"2":[0,2],"3":[2,2],"4":[2,2],"5":[1,1]}}
,"/home/stalker/Vidéos/ITexal/Admin Itexal/backend/src/modules/authentification/authentification.controller.ts": {"path":"/home/stalker/Vidéos/ITexal/Admin Itexal/backend/src/modules/authentification/authentification.controller.ts","statementMap":{"0":{"start":{"line":1,"column":0},"end":{"line":1,"column":72}},"1":{"start":{"line":2,"column":0},"end":{"line":2,"column":69}},"2":{"start":{"line":3,"column":0},"end":{"line":3,"column":83}},"3":{"start":{"line":4,"column":0},"end":{"line":4,"column":91}},"4":{"start":{"line":7,"column":7},"end":{"line":28,"column":null}},"5":{"start":{"line":8,"column":31},"end":{"line":8,"column":56}},"6":{"start":{"line":12,"column":4},"end":{"line":12,"column":59}},"7":{"start":{"line":17,"column":4},"end":{"line":17,"column":59}},"8":{"start":{"line":23,"column":4},"end":{"line":26,"column":6}},"9":{"start":{"line":7,"column":13},"end":{"line":7,"column":39}},"10":{"start":{"line":11,"column":8},"end":{"line":13,"column":null}},"11":{"start":{"line":16,"column":8},"end":{"line":18,"column":null}},"12":{"start":{"line":22,"column":8},"end":{"line":27,"column":null}},"13":{"start":{"line":7,"column":13},"end":{"line":28,"column":null}}},"fnMap":{"0":{"name":"(anonymous_4)","decl":{"start":{"line":8,"column":2},"end":{"line":8,"column":31}},"loc":{"start":{"line":8,"column":79},"end":{"line":8,"column":83}}},"1":{"name":"(anonymous_5)","decl":{"start":{"line":11,"column":8},"end":{"line":11,"column":17}},"loc":{"start":{"line":11,"column":72},"end":{"line":13,"column":3}}},"2":{"name":"(anonymous_6)","decl":{"start":{"line":16,"column":8},"end":{"line":16,"column":13}},"loc":{"start":{"line":16,"column":68},"end":{"line":18,"column":3}}},"3":{"name":"(anonymous_7)","decl":{"start":{"line":22,"column":8},"end":{"line":22,"column":21}},"loc":{"start":{"line":22,"column":59},"end":{"line":27,"column":3}}}},"branchMap":{},"s":{"0":0,"1":0,"2":0,"3":0,"4":0,"5":0,"6":0,"7":0,"8":0,"9":0,"10":0,"11":0,"12":0,"13":0},"f":{"0":0,"1":0,"2":0,"3":0},"b":{}}
,"/home/stalker/Vidéos/ITexal/Admin Itexal/backend/src/modules/authentification/authentification.service.ts": {"path":"/home/stalker/Vidéos/ITexal/Admin Itexal/backend/src/modules/authentification/authentification.service.ts","statementMap":{"0":{"start":{"line":1,"column":0},"end":{"line":1,"column":88}},"1":{"start":{"line":2,"column":0},"end":{"line":2,"column":41}},"2":{"start":{"line":3,"column":0},"end":{"line":3,"column":35}},"3":{"start":{"line":6,"column":7},"end":{"line":69,"column":null}},"4":{"start":{"line":18,"column":31},"end":{"line":18,"column":43}},"5":{"start":{"line":7,"column":19},"end":{"line":16,"column":4}},"6":{"start":{"line":21,"column":4},"end":{"line":23,"column":5}},"7":{"start":{"line":22,"column":6},"end":{"line":22,"column":85}},"8":{"start":{"line":25,"column":24},"end":{"line":26,"column":null}},"9":{"start":{"line":26,"column":13},"end":{"line":26,"column":66}},"10":{"start":{"line":31,"column":6},"end":{"line":32,"column":93}},"11":{"start":{"line":34,"column":4},"end":{"line":36,"column":5}},"12":{"start":{"line":35,"column":6},"end":{"line":35,"column":98}},"13":{"start":{"line":38,"column":20},"end":{"line":44,"column":6}},"14":{"start":{"line":46,"column":18},"end":{"line":46,"column":47}},"15":{"start":{"line":48,"column":4},"end":{"line":58,"column":6}},"16":{"start":{"line":62,"column":17},"end":{"line":62,"column":41}},"17":{"start":{"line":63,"column":4},"end":{"line":63,"column":46}},"18":{"start":{"line":67,"column":4},"end":{"line":67,"column":49}},"19":{"start":{"line":6,"column":13},"end":{"line":6,"column":36}},"20":{"start":{"line":6,"column":13},"end":{"line":69,"column":null}}},"fnMap":{"0":{"name":"(anonymous_2)","decl":{"start":{"line":18,"column":2},"end":{"line":18,"column":31}},"loc":{"start":{"line":18,"column":53},"end":{"line":18,"column":57}}},"1":{"name":"(anonymous_3)","decl":{"start":{"line":20,"column":2},"end":{"line":20,"column":7}},"loc":{"start":{"line":20,"column":64},"end":{"line":59,"column":3}}},"2":{"name":"(anonymous_4)","decl":{"start":{"line":26,"column":6},"end":{"line":26,"column":7}},"loc":{"start":{"line":26,"column":13},"end":{"line":26,"column":66}}},"3":{"name":"(anonymous_5)","decl":{"start":{"line":61,"column":2},"end":{"line":61,"column":7}},"loc":{"start":{"line":61,"column":48},"end":{"line":64,"column":3}}},"4":{"name":"(anonymous_6)","decl":{"start":{"line":66,"column":2},"end":{"line":66,"column":7}},"loc":{"start":{"line":66,"column":64},"end":{"line":68,"column":3}}}},"branchMap":{"0":{"loc":{"start":{"line":21,"column":4},"end":{"line":23,"column":5}},"type":"if","locations":[{"start":{"line":21,"column":4},"end":{"line":23,"column":5}},{"start":{},"end":{}}]},"1":{"loc":{"start":{"line":21,"column":8},"end":{"line":21,"column":45}},"type":"binary-expr","locations":[{"start":{"line":21,"column":8},"end":{"line":21,"column":22}},{"start":{"line":21,"column":26},"end":{"line":21,"column":45}}]},"2":{"loc":{"start":{"line":31,"column":6},"end":{"line":32,"column":93}},"type":"binary-expr","locations":[{"start":{"line":31,"column":6},"end":{"line":31,"column":39}},{"start":{"line":32,"column":7},"end":{"line":32,"column":18}},{"start":{"line":32,"column":23},"end":{"line":32,"column":91}}]},"3":{"loc":{"start":{"line":34,"column":4},"end":{"line":36,"column":5}},"type":"if","locations":[{"start":{"line":34,"column":4},"end":{"line":36,"column":5}},{"start":{},"end":{}}]},"4":{"loc":{"start":{"line":34,"column":8},"end":{"line":34,"column":41}},"type":"binary-expr","locations":[{"start":{"line":34,"column":8},"end":{"line":34,"column":20}},{"start":{"line":34,"column":24},"end":{"line":34,"column":41}}]}},"s":{"0":1,"1":1,"2":1,"3":1,"4":4,"5":4,"6":2,"7":0,"8":2,"9":2,"10":2,"11":2,"12":1,"13":1,"14":1,"15":1,"16":1,"17":1,"18":1,"19":1,"20":1},"f":{"0":4,"1":2,"2":2,"3":1,"4":1},"b":{"0":[0,2],"1":[2,2],"2":[2,1,0],"3":[1,1],"4":[2,1]}}
,"/home/stalker/Vidéos/ITexal/Admin Itexal/backend/src/modules/categories/categories.controller.ts": {"path":"/home/stalker/Vidéos/ITexal/Admin Itexal/backend/src/modules/categories/categories.controller.ts","statementMap":{"0":{"start":{"line":1,"column":0},"end":{"line":1,"column":92}},"1":{"start":{"line":2,"column":0},"end":{"line":2,"column":57}},"2":{"start":{"line":3,"column":0},"end":{"line":3,"column":83}},"3":{"start":{"line":4,"column":0},"end":{"line":4,"column":61}},"4":{"start":{"line":5,"column":0},"end":{"line":5,"column":66}},"5":{"start":{"line":8,"column":7},"end":{"line":41,"column":null}},"6":{"start":{"line":9,"column":31},"end":{"line":9,"column":50}},"7":{"start":{"line":13,"column":4},"end":{"line":13,"column":43}},"8":{"start":{"line":18,"column":4},"end":{"line":18,"column":51}},"9":{"start":{"line":25,"column":4},"end":{"line":25,"column":49}},"10":{"start":{"line":32,"column":4},"end":{"line":32,"column":55}},"11":{"start":{"line":39,"column":4},"end":{"line":39,"column":48}},"12":{"start":{"line":8,"column":13},"end":{"line":8,"column":33}},"13":{"start":{"line":12,"column":8},"end":{"line":14,"column":null}},"14":{"start":{"line":17,"column":8},"end":{"line":19,"column":null}},"15":{"start":{"line":24,"column":8},"end":{"line":26,"column":null}},"16":{"start":{"line":31,"column":8},"end":{"line":33,"column":null}},"17":{"start":{"line":38,"column":8},"end":{"line":40,"column":null}},"18":{"start":{"line":8,"column":13},"end":{"line":41,"column":null}}},"fnMap":{"0":{"name":"(anonymous_4)","decl":{"start":{"line":9,"column":2},"end":{"line":9,"column":31}},"loc":{"start":{"line":9,"column":67},"end":{"line":9,"column":71}}},"1":{"name":"(anonymous_5)","decl":{"start":{"line":12,"column":8},"end":{"line":12,"column":14}},"loc":{"start":{"line":12,"column":14},"end":{"line":14,"column":3}}},"2":{"name":"(anonymous_6)","decl":{"start":{"line":17,"column":8},"end":{"line":17,"column":20}},"loc":{"start":{"line":17,"column":44},"end":{"line":19,"column":3}}},"3":{"name":"(anonymous_7)","decl":{"start":{"line":24,"column":8},"end":{"line":24,"column":13}},"loc":{"start":{"line":24,"column":34},"end":{"line":26,"column":3}}},"4":{"name":"(anonymous_8)","decl":{"start":{"line":31,"column":8},"end":{"line":31,"column":16}},"loc":{"start":{"line":31,"column":61},"end":{"line":33,"column":3}}},"5":{"name":"(anonymous_9)","decl":{"start":{"line":38,"column":8},"end":{"line":38,"column":17}},"loc":{"start":{"line":38,"column":41},"end":{"line":40,"column":3}}}},"branchMap":{},"s":{"0":0,"1":0,"2":0,"3":0,"4":0,"5":0,"6":0,"7":0,"8":0,"9":0,"10":0,"11":0,"12":0,"13":0,"14":0,"15":0,"16":0,"17":0,"18":0},"f":{"0":0,"1":0,"2":0,"3":0,"4":0,"5":0},"b":{}}
,"/home/stalker/Vidéos/ITexal/Admin Itexal/backend/src/modules/categories/categories.service.ts": {"path":"/home/stalker/Vidéos/ITexal/Admin Itexal/backend/src/modules/categories/categories.service.ts","statementMap":{"0":{"start":{"line":1,"column":0},"end":{"line":1,"column":63}},"1":{"start":{"line":4,"column":7},"end":{"line":44,"column":null}},"2":{"start":{"line":5,"column":10},"end":{"line":9,"column":4}},"3":{"start":{"line":12,"column":4},"end":{"line":12,"column":54}},"4":{"start":{"line":16,"column":22},"end":{"line":16,"column":62}},"5":{"start":{"line":16,"column":50},"end":{"line":16,"column":61}},"6":{"start":{"line":17,"column":4},"end":{"line":17,"column":80}},"7":{"start":{"line":17,"column":20},"end":{"line":17,"column":80}},"8":{"start":{"line":18,"column":4},"end":{"line":18,"column":48}},"9":{"start":{"line":22,"column":21},"end":{"line":28,"column":6}},"10":{"start":{"line":29,"column":4},"end":{"line":29,"column":35}},"11":{"start":{"line":30,"column":4},"end":{"line":30,"column":75}},"12":{"start":{"line":34,"column":18},"end":{"line":34,"column":63}},"13":{"start":{"line":34,"column":51},"end":{"line":34,"column":62}},"14":{"start":{"line":35,"column":4},"end":{"line":35,"column":82}},"15":{"start":{"line":35,"column":22},"end":{"line":35,"column":82}},"16":{"start":{"line":36,"column":4},"end":{"line":36,"column":70}},"17":{"start":{"line":37,"column":4},"end":{"line":37,"column":95}},"18":{"start":{"line":41,"column":4},"end":{"line":41,"column":65}},"19":{"start":{"line":41,"column":52},"end":{"line":41,"column":63}},"20":{"start":{"line":42,"column":4},"end":{"line":42,"column":60}},"21":{"start":{"line":4,"column":13},"end":{"line":4,"column":30}},"22":{"start":{"line":4,"column":13},"end":{"line":44,"column":null}}},"fnMap":{"0":{"name":"(anonymous_1)","decl":{"start":{"line":4,"column":7},"end":{"line":4,"column":13}},"loc":{"start":{"line":4,"column":7},"end":{"line":44,"column":1}}},"1":{"name":"(anonymous_2)","decl":{"start":{"line":11,"column":2},"end":{"line":11,"column":7}},"loc":{"start":{"line":11,"column":14},"end":{"line":13,"column":3}}},"2":{"name":"(anonymous_3)","decl":{"start":{"line":15,"column":2},"end":{"line":15,"column":7}},"loc":{"start":{"line":15,"column":31},"end":{"line":19,"column":3}}},"3":{"name":"(anonymous_4)","decl":{"start":{"line":16,"column":43},"end":{"line":16,"column":44}},"loc":{"start":{"line":16,"column":50},"end":{"line":16,"column":61}}},"4":{"name":"(anonymous_5)","decl":{"start":{"line":21,"column":2},"end":{"line":21,"column":7}},"loc":{"start":{"line":21,"column":26},"end":{"line":31,"column":3}}},"5":{"name":"(anonymous_6)","decl":{"start":{"line":33,"column":2},"end":{"line":33,"column":7}},"loc":{"start":{"line":33,"column":40},"end":{"line":38,"column":3}}},"6":{"name":"(anonymous_7)","decl":{"start":{"line":34,"column":44},"end":{"line":34,"column":45}},"loc":{"start":{"line":34,"column":51},"end":{"line":34,"column":62}}},"7":{"name":"(anonymous_8)","decl":{"start":{"line":40,"column":2},"end":{"line":40,"column":7}},"loc":{"start":{"line":40,"column":28},"end":{"line":43,"column":3}}},"8":{"name":"(anonymous_9)","decl":{"start":{"line":41,"column":45},"end":{"line":41,"column":46}},"loc":{"start":{"line":41,"column":52},"end":{"line":41,"column":63}}}},"branchMap":{"0":{"loc":{"start":{"line":17,"column":4},"end":{"line":17,"column":80}},"type":"if","locations":[{"start":{"line":17,"column":4},"end":{"line":17,"column":80}},{"start":{},"end":{}}]},"1":{"loc":{"start":{"line":25,"column":19},"end":{"line":25,"column":44}},"type":"binary-expr","locations":[{"start":{"line":25,"column":19},"end":{"line":25,"column":38}},{"start":{"line":25,"column":42},"end":{"line":25,"column":44}}]},"2":{"loc":{"start":{"line":35,"column":4},"end":{"line":35,"column":82}},"type":"if","locations":[{"start":{"line":35,"column":4},"end":{"line":35,"column":82}},{"start":{},"end":{}}]}},"s":{"0":1,"1":1,"2":7,"3":1,"4":2,"5":4,"6":2,"7":1,"8":1,"9":1,"10":1,"11":1,"12":2,"13":4,"14":2,"15":1,"16":1,"17":1,"18":1,"19":3,"20":1,"21":1,"22":1},"f":{"0":7,"1":1,"2":2,"3":4,"4":1,"5":2,"6":4,"7":1,"8":3},"b":{"0":[1,1],"1":[1,0],"2":[1,1]}}
,"/home/stalker/Vidéos/ITexal/Admin Itexal/backend/src/modules/clients/clients.controller.ts": {"path":"/home/stalker/Vidéos/ITexal/Admin Itexal/backend/src/modules/clients/clients.controller.ts","statementMap":{"0":{"start":{"line":1,"column":0},"end":{"line":1,"column":92}},"1":{"start":{"line":2,"column":0},"end":{"line":2,"column":51}},"2":{"start":{"line":3,"column":0},"end":{"line":3,"column":83}},"3":{"start":{"line":4,"column":0},"end":{"line":4,"column":61}},"4":{"start":{"line":5,"column":0},"end":{"line":5,"column":66}},"5":{"start":{"line":8,"column":7},"end":{"line":43,"column":null}},"6":{"start":{"line":9,"column":31},"end":{"line":9,"column":47}},"7":{"start":{"line":14,"column":4},"end":{"line":14,"column":40}},"8":{"start":{"line":20,"column":4},"end":{"line":20,"column":48}},"9":{"start":{"line":27,"column":4},"end":{"line":27,"column":46}},"10":{"start":{"line":34,"column":4},"end":{"line":34,"column":52}},"11":{"start":{"line":41,"column":4},"end":{"line":41,"column":45}},"12":{"start":{"line":8,"column":13},"end":{"line":8,"column":30}},"13":{"start":{"line":13,"column":8},"end":{"line":15,"column":null}},"14":{"start":{"line":19,"column":8},"end":{"line":21,"column":null}},"15":{"start":{"line":26,"column":8},"end":{"line":28,"column":null}},"16":{"start":{"line":33,"column":8},"end":{"line":35,"column":null}},"17":{"start":{"line":40,"column":8},"end":{"line":42,"column":null}},"18":{"start":{"line":8,"column":13},"end":{"line":43,"column":null}}},"fnMap":{"0":{"name":"(anonymous_4)","decl":{"start":{"line":9,"column":2},"end":{"line":9,"column":31}},"loc":{"start":{"line":9,"column":61},"end":{"line":9,"column":65}}},"1":{"name":"(anonymous_5)","decl":{"start":{"line":13,"column":8},"end":{"line":13,"column":14}},"loc":{"start":{"line":13,"column":14},"end":{"line":15,"column":3}}},"2":{"name":"(anonymous_6)","decl":{"start":{"line":19,"column":8},"end":{"line":19,"column":20}},"loc":{"start":{"line":19,"column":44},"end":{"line":21,"column":3}}},"3":{"name":"(anonymous_7)","decl":{"start":{"line":26,"column":8},"end":{"line":26,"column":13}},"loc":{"start":{"line":26,"column":34},"end":{"line":28,"column":3}}},"4":{"name":"(anonymous_8)","decl":{"start":{"line":33,"column":8},"end":{"line":33,"column":16}},"loc":{"start":{"line":33,"column":61},"end":{"line":35,"column":3}}},"5":{"name":"(anonymous_9)","decl":{"start":{"line":40,"column":8},"end":{"line":40,"column":17}},"loc":{"start":{"line":40,"column":41},"end":{"line":42,"column":3}}}},"branchMap":{},"s":{"0":0,"1":0,"2":0,"3":0,"4":0,"5":0,"6":0,"7":0,"8":0,"9":0,"10":0,"11":0,"12":0,"13":0,"14":0,"15":0,"16":0,"17":0,"18":0},"f":{"0":0,"1":0,"2":0,"3":0,"4":0,"5":0},"b":{}}
,"/home/stalker/Vidéos/ITexal/Admin Itexal/backend/src/modules/clients/clients.service.ts": {"path":"/home/stalker/Vidéos/ITexal/Admin Itexal/backend/src/modules/clients/clients.service.ts","statementMap":{"0":{"start":{"line":1,"column":0},"end":{"line":1,"column":63}},"1":{"start":{"line":4,"column":7},"end":{"line":64,"column":null}},"2":{"start":{"line":5,"column":10},"end":{"line":28,"column":4}},"3":{"start":{"line":31,"column":4},"end":{"line":31,"column":51}},"4":{"start":{"line":35,"column":19},"end":{"line":35,"column":56}},"5":{"start":{"line":35,"column":44},"end":{"line":35,"column":55}},"6":{"start":{"line":36,"column":4},"end":{"line":36,"column":74}},"7":{"start":{"line":36,"column":17},"end":{"line":36,"column":74}},"8":{"start":{"line":37,"column":4},"end":{"line":37,"column":45}},"9":{"start":{"line":41,"column":20},"end":{"line":48,"column":6}},"10":{"start":{"line":49,"column":4},"end":{"line":49,"column":34}},"11":{"start":{"line":50,"column":4},"end":{"line":50,"column":84}},"12":{"start":{"line":54,"column":18},"end":{"line":54,"column":60}},"13":{"start":{"line":54,"column":48},"end":{"line":54,"column":59}},"14":{"start":{"line":55,"column":4},"end":{"line":55,"column":79}},"15":{"start":{"line":55,"column":22},"end":{"line":55,"column":79}},"16":{"start":{"line":56,"column":4},"end":{"line":56,"column":64}},"17":{"start":{"line":57,"column":4},"end":{"line":57,"column":88}},"18":{"start":{"line":61,"column":4},"end":{"line":61,"column":59}},"19":{"start":{"line":61,"column":46},"end":{"line":61,"column":57}},"20":{"start":{"line":62,"column":4},"end":{"line":62,"column":56}},"21":{"start":{"line":4,"column":13},"end":{"line":4,"column":27}},"22":{"start":{"line":4,"column":13},"end":{"line":64,"column":null}}},"fnMap":{"0":{"name":"(anonymous_1)","decl":{"start":{"line":4,"column":7},"end":{"line":4,"column":13}},"loc":{"start":{"line":4,"column":7},"end":{"line":64,"column":1}}},"1":{"name":"(anonymous_2)","decl":{"start":{"line":30,"column":2},"end":{"line":30,"column":7}},"loc":{"start":{"line":30,"column":14},"end":{"line":32,"column":3}}},"2":{"name":"(anonymous_3)","decl":{"start":{"line":34,"column":2},"end":{"line":34,"column":7}},"loc":{"start":{"line":34,"column":31},"end":{"line":38,"column":3}}},"3":{"name":"(anonymous_4)","decl":{"start":{"line":35,"column":37},"end":{"line":35,"column":38}},"loc":{"start":{"line":35,"column":44},"end":{"line":35,"column":55}}},"4":{"name":"(anonymous_5)","decl":{"start":{"line":40,"column":2},"end":{"line":40,"column":7}},"loc":{"start":{"line":40,"column":26},"end":{"line":51,"column":3}}},"5":{"name":"(anonymous_6)","decl":{"start":{"line":53,"column":2},"end":{"line":53,"column":7}},"loc":{"start":{"line":53,"column":40},"end":{"line":58,"column":3}}},"6":{"name":"(anonymous_7)","decl":{"start":{"line":54,"column":41},"end":{"line":54,"column":42}},"loc":{"start":{"line":54,"column":48},"end":{"line":54,"column":59}}},"7":{"name":"(anonymous_8)","decl":{"start":{"line":60,"column":2},"end":{"line":60,"column":7}},"loc":{"start":{"line":60,"column":28},"end":{"line":63,"column":3}}},"8":{"name":"(anonymous_9)","decl":{"start":{"line":61,"column":39},"end":{"line":61,"column":40}},"loc":{"start":{"line":61,"column":46},"end":{"line":61,"column":57}}}},"branchMap":{"0":{"loc":{"start":{"line":36,"column":4},"end":{"line":36,"column":74}},"type":"if","locations":[{"start":{"line":36,"column":4},"end":{"line":36,"column":74}},{"start":{},"end":{}}]},"1":{"loc":{"start":{"line":55,"column":4},"end":{"line":55,"column":79}},"type":"if","locations":[{"start":{"line":55,"column":4},"end":{"line":55,"column":79}},{"start":{},"end":{}}]}},"s":{"0":1,"1":1,"2":7,"3":1,"4":2,"5":3,"6":2,"7":1,"8":1,"9":1,"10":1,"11":1,"12":2,"13":3,"14":2,"15":1,"16":1,"17":1,"18":1,"19":2,"20":1,"21":1,"22":1},"f":{"0":7,"1":1,"2":2,"3":3,"4":1,"5":2,"6":3,"7":1,"8":2},"b":{"0":[1,1],"1":[1,1]}}
,"/home/stalker/Vidéos/ITexal/Admin Itexal/backend/src/modules/commandes/commandes.controller.ts": {"path":"/home/stalker/Vidéos/ITexal/Admin Itexal/backend/src/modules/commandes/commandes.controller.ts","statementMap":{"0":{"start":{"line":1,"column":0},"end":{"line":1,"column":78}},"1":{"start":{"line":2,"column":0},"end":{"line":2,"column":55}},"2":{"start":{"line":3,"column":0},"end":{"line":3,"column":83}},"3":{"start":{"line":4,"column":0},"end":{"line":4,"column":61}},"4":{"start":{"line":5,"column":0},"end":{"line":5,"column":66}},"5":{"start":{"line":8,"column":7},"end":{"line":29,"column":null}},"6":{"start":{"line":9,"column":31},"end":{"line":9,"column":49}},"7":{"start":{"line":14,"column":4},"end":{"line":14,"column":42}},"8":{"start":{"line":20,"column":4},"end":{"line":20,"column":50}},"9":{"start":{"line":27,"column":4},"end":{"line":27,"column":60}},"10":{"start":{"line":8,"column":13},"end":{"line":8,"column":32}},"11":{"start":{"line":13,"column":8},"end":{"line":15,"column":null}},"12":{"start":{"line":19,"column":8},"end":{"line":21,"column":null}},"13":{"start":{"line":26,"column":8},"end":{"line":28,"column":null}},"14":{"start":{"line":8,"column":13},"end":{"line":29,"column":null}}},"fnMap":{"0":{"name":"(anonymous_4)","decl":{"start":{"line":9,"column":2},"end":{"line":9,"column":31}},"loc":{"start":{"line":9,"column":65},"end":{"line":9,"column":69}}},"1":{"name":"(anonymous_5)","decl":{"start":{"line":13,"column":8},"end":{"line":13,"column":14}},"loc":{"start":{"line":13,"column":14},"end":{"line":15,"column":3}}},"2":{"name":"(anonymous_6)","decl":{"start":{"line":19,"column":8},"end":{"line":19,"column":20}},"loc":{"start":{"line":19,"column":44},"end":{"line":21,"column":3}}},"3":{"name":"(anonymous_7)","decl":{"start":{"line":26,"column":8},"end":{"line":26,"column":22}},"loc":{"start":{"line":26,"column":78},"end":{"line":28,"column":3}}}},"branchMap":{},"s":{"0":0,"1":0,"2":0,"3":0,"4":0,"5":0,"6":0,"7":0,"8":0,"9":0,"10":0,"11":0,"12":0,"13":0,"14":0},"f":{"0":0,"1":0,"2":0,"3":0},"b":{}}
,"/home/stalker/Vidéos/ITexal/Admin Itexal/backend/src/modules/commandes/commandes.service.ts": {"path":"/home/stalker/Vidéos/ITexal/Admin Itexal/backend/src/modules/commandes/commandes.service.ts","statementMap":{"0":{"start":{"line":1,"column":0},"end":{"line":1,"column":63}},"1":{"start":{"line":4,"column":7},"end":{"line":44,"column":null}},"2":{"start":{"line":5,"column":10},"end":{"line":26,"column":4}},"3":{"start":{"line":29,"column":4},"end":{"line":29,"column":53}},"4":{"start":{"line":33,"column":16},"end":{"line":33,"column":55}},"5":{"start":{"line":33,"column":43},"end":{"line":33,"column":54}},"6":{"start":{"line":34,"column":4},"end":{"line":34,"column":73}},"7":{"start":{"line":34,"column":14},"end":{"line":34,"column":73}},"8":{"start":{"line":35,"column":4},"end":{"line":35,"column":42}},"9":{"start":{"line":39,"column":18},"end":{"line":39,"column":62}},"10":{"start":{"line":39,"column":50},"end":{"line":39,"column":61}},"11":{"start":{"line":40,"column":4},"end":{"line":40,"column":81}},"12":{"start":{"line":40,"column":22},"end":{"line":40,"column":81}},"13":{"start":{"line":41,"column":4},"end":{"line":41,"column":42}},"14":{"start":{"line":42,"column":4},"end":{"line":42,"column":90}},"15":{"start":{"line":4,"column":13},"end":{"line":4,"column":29}},"16":{"start":{"line":4,"column":13},"end":{"line":44,"column":null}}},"fnMap":{"0":{"name":"(anonymous_1)","decl":{"start":{"line":4,"column":7},"end":{"line":4,"column":13}},"loc":{"start":{"line":4,"column":7},"end":{"line":44,"column":1}}},"1":{"name":"(anonymous_2)","decl":{"start":{"line":28,"column":2},"end":{"line":28,"column":7}},"loc":{"start":{"line":28,"column":14},"end":{"line":30,"column":3}}},"2":{"name":"(anonymous_3)","decl":{"start":{"line":32,"column":2},"end":{"line":32,"column":7}},"loc":{"start":{"line":32,"column":31},"end":{"line":36,"column":3}}},"3":{"name":"(anonymous_4)","decl":{"start":{"line":33,"column":36},"end":{"line":33,"column":37}},"loc":{"start":{"line":33,"column":43},"end":{"line":33,"column":54}}},"4":{"name":"(anonymous_5)","decl":{"start":{"line":38,"column":2},"end":{"line":38,"column":7}},"loc":{"start":{"line":38,"column":49},"end":{"line":43,"column":3}}},"5":{"name":"(anonymous_6)","decl":{"start":{"line":39,"column":43},"end":{"line":39,"column":44}},"loc":{"start":{"line":39,"column":50},"end":{"line":39,"column":61}}}},"branchMap":{"0":{"loc":{"start":{"line":34,"column":4},"end":{"line":34,"column":73}},"type":"if","locations":[{"start":{"line":34,"column":4},"end":{"line":34,"column":73}},{"start":{},"end":{}}]},"1":{"loc":{"start":{"line":40,"column":4},"end":{"line":40,"column":81}},"type":"if","locations":[{"start":{"line":40,"column":4},"end":{"line":40,"column":81}},{"start":{},"end":{}}]}},"s":{"0":1,"1":1,"2":5,"3":1,"4":2,"5":3,"6":2,"7":1,"8":1,"9":2,"10":3,"11":2,"12":1,"13":1,"14":1,"15":1,"16":1},"f":{"0":5,"1":1,"2":2,"3":3,"4":2,"5":3},"b":{"0":[1,1],"1":[1,1]}}
,"/home/stalker/Vidéos/ITexal/Admin Itexal/backend/src/modules/contenus/contenus.controller.ts": {"path":"/home/stalker/Vidéos/ITexal/Admin Itexal/backend/src/modules/contenus/contenus.controller.ts","statementMap":{"0":{"start":{"line":1,"column":0},"end":{"line":1,"column":71}},"1":{"start":{"line":2,"column":0},"end":{"line":2,"column":53}},"2":{"start":{"line":3,"column":0},"end":{"line":3,"column":83}},"3":{"start":{"line":4,"column":0},"end":{"line":4,"column":61}},"4":{"start":{"line":5,"column":0},"end":{"line":5,"column":66}},"5":{"start":{"line":8,"column":7},"end":{"line":22,"column":null}},"6":{"start":{"line":9,"column":31},"end":{"line":9,"column":48}},"7":{"start":{"line":13,"column":4},"end":{"line":13,"column":42}},"8":{"start":{"line":20,"column":4},"end":{"line":20,"column":59}},"9":{"start":{"line":8,"column":13},"end":{"line":8,"column":31}},"10":{"start":{"line":12,"column":8},"end":{"line":14,"column":null}},"11":{"start":{"line":19,"column":8},"end":{"line":21,"column":null}},"12":{"start":{"line":8,"column":13},"end":{"line":22,"column":null}}},"fnMap":{"0":{"name":"(anonymous_4)","decl":{"start":{"line":9,"column":2},"end":{"line":9,"column":31}},"loc":{"start":{"line":9,"column":63},"end":{"line":9,"column":67}}},"1":{"name":"(anonymous_5)","decl":{"start":{"line":12,"column":8},"end":{"line":12,"column":15}},"loc":{"start":{"line":12,"column":15},"end":{"line":14,"column":3}}},"2":{"name":"(anonymous_6)","decl":{"start":{"line":19,"column":8},"end":{"line":19,"column":16}},"loc":{"start":{"line":19,"column":46},"end":{"line":21,"column":3}}}},"branchMap":{},"s":{"0":0,"1":0,"2":0,"3":0,"4":0,"5":0,"6":0,"7":0,"8":0,"9":0,"10":0,"11":0,"12":0},"f":{"0":0,"1":0,"2":0},"b":{}}
,"/home/stalker/Vidéos/ITexal/Admin Itexal/backend/src/modules/contenus/contenus.service.ts": {"path":"/home/stalker/Vidéos/ITexal/Admin Itexal/backend/src/modules/contenus/contenus.service.ts","statementMap":{"0":{"start":{"line":1,"column":0},"end":{"line":1,"column":44}},"1":{"start":{"line":4,"column":7},"end":{"line":25,"column":null}},"2":{"start":{"line":5,"column":10},"end":{"line":15,"column":4}},"3":{"start":{"line":18,"column":4},"end":{"line":18,"column":52}},"4":{"start":{"line":22,"column":4},"end":{"line":22,"column":62}},"5":{"start":{"line":23,"column":4},"end":{"line":23,"column":84}},"6":{"start":{"line":4,"column":13},"end":{"line":4,"column":28}},"7":{"start":{"line":4,"column":13},"end":{"line":25,"column":null}}},"fnMap":{"0":{"name":"(anonymous_1)","decl":{"start":{"line":4,"column":7},"end":{"line":4,"column":13}},"loc":{"start":{"line":4,"column":7},"end":{"line":25,"column":1}}},"1":{"name":"(anonymous_2)","decl":{"start":{"line":17,"column":2},"end":{"line":17,"column":7}},"loc":{"start":{"line":17,"column":15},"end":{"line":19,"column":3}}},"2":{"name":"(anonymous_3)","decl":{"start":{"line":21,"column":2},"end":{"line":21,"column":7}},"loc":{"start":{"line":21,"column":38},"end":{"line":24,"column":3}}}},"branchMap":{},"s":{"0":1,"1":1,"2":2,"3":1,"4":1,"5":1,"6":1,"7":1},"f":{"0":2,"1":1,"2":1},"b":{}}
,"/home/stalker/Vidéos/ITexal/Admin Itexal/backend/src/modules/dashboard/dashboard.controller.ts": {"path":"/home/stalker/Vidéos/ITexal/Admin Itexal/backend/src/modules/dashboard/dashboard.controller.ts","statementMap":{"0":{"start":{"line":1,"column":0},"end":{"line":1,"column":60}},"1":{"start":{"line":2,"column":0},"end":{"line":2,"column":55}},"2":{"start":{"line":3,"column":0},"end":{"line":3,"column":83}},"3":{"start":{"line":6,"column":7},"end":{"line":14,"column":null}},"4":{"start":{"line":7,"column":31},"end":{"line":7,"column":49}},"5":{"start":{"line":12,"column":4},"end":{"line":12,"column":55}},"6":{"start":{"line":6,"column":13},"end":{"line":6,"column":32}},"7":{"start":{"line":11,"column":8},"end":{"line":13,"column":null}},"8":{"start":{"line":6,"column":13},"end":{"line":14,"column":null}}},"fnMap":{"0":{"name":"(anonymous_2)","decl":{"start":{"line":7,"column":2},"end":{"line":7,"column":31}},"loc":{"start":{"line":7,"column":65},"end":{"line":7,"column":69}}},"1":{"name":"(anonymous_3)","decl":{"start":{"line":11,"column":8},"end":{"line":11,"column":27}},"loc":{"start":{"line":11,"column":27},"end":{"line":13,"column":3}}}},"branchMap":{},"s":{"0":0,"1":0,"2":0,"3":0,"4":0,"5":0,"6":0,"7":0,"8":0},"f":{"0":0,"1":0},"b":{}}
,"/home/stalker/Vidéos/ITexal/Admin Itexal/backend/src/modules/dashboard/dashboard.service.ts": {"path":"/home/stalker/Vidéos/ITexal/Admin Itexal/backend/src/modules/dashboard/dashboard.service.ts","statementMap":{"0":{"start":{"line":1,"column":0},"end":{"line":1,"column":44}},"1":{"start":{"line":4,"column":7},"end":{"line":21,"column":null}},"2":{"start":{"line":6,"column":4},"end":{"line":19,"column":6}},"3":{"start":{"line":4,"column":13},"end":{"line":4,"column":29}},"4":{"start":{"line":4,"column":13},"end":{"line":21,"column":null}}},"fnMap":{"0":{"name":"(anonymous_1)","decl":{"start":{"line":5,"column":2},"end":{"line":5,"column":7}},"loc":{"start":{"line":5,"column":27},"end":{"line":20,"column":3}}}},"branchMap":{},"s":{"0":1,"1":1,"2":1,"3":1,"4":1},"f":{"0":1},"b":{}}
,"/home/stalker/Vidéos/ITexal/Admin Itexal/backend/src/modules/journal/journal.controller.ts": {"path":"/home/stalker/Vidéos/ITexal/Admin Itexal/backend/src/modules/journal/journal.controller.ts","statementMap":{"0":{"start":{"line":1,"column":0},"end":{"line":1,"column":72}},"1":{"start":{"line":2,"column":0},"end":{"line":2,"column":51}},"2":{"start":{"line":3,"column":0},"end":{"line":3,"column":83}},"3":{"start":{"line":6,"column":7},"end":{"line":20,"column":null}},"4":{"start":{"line":7,"column":31},"end":{"line":7,"column":47}},"5":{"start":{"line":12,"column":4},"end":{"line":12,"column":40}},"6":{"start":{"line":18,"column":4},"end":{"line":18,"column":48}},"7":{"start":{"line":6,"column":13},"end":{"line":6,"column":30}},"8":{"start":{"line":11,"column":8},"end":{"line":13,"column":null}},"9":{"start":{"line":17,"column":8},"end":{"line":19,"column":null}},"10":{"start":{"line":6,"column":13},"end":{"line":20,"column":null}}},"fnMap":{"0":{"name":"(anonymous_4)","decl":{"start":{"line":7,"column":2},"end":{"line":7,"column":31}},"loc":{"start":{"line":7,"column":61},"end":{"line":7,"column":65}}},"1":{"name":"(anonymous_5)","decl":{"start":{"line":11,"column":8},"end":{"line":11,"column":14}},"loc":{"start":{"line":11,"column":14},"end":{"line":13,"column":3}}},"2":{"name":"(anonymous_6)","decl":{"start":{"line":17,"column":8},"end":{"line":17,"column":19}},"loc":{"start":{"line":17,"column":36},"end":{"line":19,"column":3}}}},"branchMap":{},"s":{"0":0,"1":0,"2":0,"3":0,"4":0,"5":0,"6":0,"7":0,"8":0,"9":0,"10":0},"f":{"0":0,"1":0,"2":0},"b":{}}
,"/home/stalker/Vidéos/ITexal/Admin Itexal/backend/src/modules/journal/journal.service.ts": {"path":"/home/stalker/Vidéos/ITexal/Admin Itexal/backend/src/modules/journal/journal.service.ts","statementMap":{"0":{"start":{"line":1,"column":0},"end":{"line":1,"column":44}},"1":{"start":{"line":4,"column":7},"end":{"line":34,"column":null}},"2":{"start":{"line":5,"column":10},"end":{"line":18,"column":4}},"3":{"start":{"line":21,"column":4},"end":{"line":21,"column":48}},"4":{"start":{"line":25,"column":19},"end":{"line":30,"column":6}},"5":{"start":{"line":31,"column":4},"end":{"line":31,"column":30}},"6":{"start":{"line":32,"column":4},"end":{"line":32,"column":92}},"7":{"start":{"line":4,"column":13},"end":{"line":4,"column":27}},"8":{"start":{"line":4,"column":13},"end":{"line":34,"column":null}}},"fnMap":{"0":{"name":"(anonymous_1)","decl":{"start":{"line":4,"column":7},"end":{"line":4,"column":13}},"loc":{"start":{"line":4,"column":7},"end":{"line":34,"column":1}}},"1":{"name":"(anonymous_2)","decl":{"start":{"line":20,"column":2},"end":{"line":20,"column":7}},"loc":{"start":{"line":20,"column":14},"end":{"line":22,"column":3}}},"2":{"name":"(anonymous_3)","decl":{"start":{"line":24,"column":2},"end":{"line":24,"column":7}},"loc":{"start":{"line":24,"column":28},"end":{"line":33,"column":3}}}},"branchMap":{},"s":{"0":1,"1":1,"2":2,"3":1,"4":1,"5":1,"6":1,"7":1,"8":1},"f":{"0":2,"1":1,"2":1},"b":{}}
,"/home/stalker/Vidéos/ITexal/Admin Itexal/backend/src/modules/marques/marques.controller.ts": {"path":"/home/stalker/Vidéos/ITexal/Admin Itexal/backend/src/modules/marques/marques.controller.ts","statementMap":{"0":{"start":{"line":1,"column":0},"end":{"line":1,"column":92}},"1":{"start":{"line":2,"column":0},"end":{"line":2,"column":51}},"2":{"start":{"line":3,"column":0},"end":{"line":3,"column":83}},"3":{"start":{"line":4,"column":0},"end":{"line":4,"column":61}},"4":{"start":{"line":5,"column":0},"end":{"line":5,"column":66}},"5":{"start":{"line":8,"column":7},"end":{"line":41,"column":null}},"6":{"start":{"line":9,"column":31},"end":{"line":9,"column":47}},"7":{"start":{"line":13,"column":4},"end":{"line":13,"column":40}},"8":{"start":{"line":18,"column":4},"end":{"line":18,"column":48}},"9":{"start":{"line":25,"column":4},"end":{"line":25,"column":46}},"10":{"start":{"line":32,"column":4},"end":{"line":32,"column":52}},"11":{"start":{"line":39,"column":4},"end":{"line":39,"column":45}},"12":{"start":{"line":8,"column":13},"end":{"line":8,"column":30}},"13":{"start":{"line":12,"column":8},"end":{"line":14,"column":null}},"14":{"start":{"line":17,"column":8},"end":{"line":19,"column":null}},"15":{"start":{"line":24,"column":8},"end":{"line":26,"column":null}},"16":{"start":{"line":31,"column":8},"end":{"line":33,"column":null}},"17":{"start":{"line":38,"column":8},"end":{"line":40,"column":null}},"18":{"start":{"line":8,"column":13},"end":{"line":41,"column":null}}},"fnMap":{"0":{"name":"(anonymous_4)","decl":{"start":{"line":9,"column":2},"end":{"line":9,"column":31}},"loc":{"start":{"line":9,"column":61},"end":{"line":9,"column":65}}},"1":{"name":"(anonymous_5)","decl":{"start":{"line":12,"column":8},"end":{"line":12,"column":14}},"loc":{"start":{"line":12,"column":14},"end":{"line":14,"column":3}}},"2":{"name":"(anonymous_6)","decl":{"start":{"line":17,"column":8},"end":{"line":17,"column":20}},"loc":{"start":{"line":17,"column":44},"end":{"line":19,"column":3}}},"3":{"name":"(anonymous_7)","decl":{"start":{"line":24,"column":8},"end":{"line":24,"column":13}},"loc":{"start":{"line":24,"column":34},"end":{"line":26,"column":3}}},"4":{"name":"(anonymous_8)","decl":{"start":{"line":31,"column":8},"end":{"line":31,"column":16}},"loc":{"start":{"line":31,"column":61},"end":{"line":33,"column":3}}},"5":{"name":"(anonymous_9)","decl":{"start":{"line":38,"column":8},"end":{"line":38,"column":17}},"loc":{"start":{"line":38,"column":41},"end":{"line":40,"column":3}}}},"branchMap":{},"s":{"0":0,"1":0,"2":0,"3":0,"4":0,"5":0,"6":0,"7":0,"8":0,"9":0,"10":0,"11":0,"12":0,"13":0,"14":0,"15":0,"16":0,"17":0,"18":0},"f":{"0":0,"1":0,"2":0,"3":0,"4":0,"5":0},"b":{}}
,"/home/stalker/Vidéos/ITexal/Admin Itexal/backend/src/modules/marques/marques.service.ts": {"path":"/home/stalker/Vidéos/ITexal/Admin Itexal/backend/src/modules/marques/marques.service.ts","statementMap":{"0":{"start":{"line":1,"column":0},"end":{"line":1,"column":63}},"1":{"start":{"line":4,"column":7},"end":{"line":64,"column":null}},"2":{"start":{"line":5,"column":10},"end":{"line":26,"column":4}},"3":{"start":{"line":29,"column":4},"end":{"line":29,"column":51}},"4":{"start":{"line":33,"column":19},"end":{"line":33,"column":56}},"5":{"start":{"line":33,"column":44},"end":{"line":33,"column":55}},"6":{"start":{"line":34,"column":4},"end":{"line":34,"column":74}},"7":{"start":{"line":34,"column":17},"end":{"line":34,"column":74}},"8":{"start":{"line":35,"column":4},"end":{"line":35,"column":45}},"9":{"start":{"line":39,"column":21},"end":{"line":48,"column":6}},"10":{"start":{"line":49,"column":4},"end":{"line":49,"column":35}},"11":{"start":{"line":50,"column":4},"end":{"line":50,"column":84}},"12":{"start":{"line":54,"column":18},"end":{"line":54,"column":60}},"13":{"start":{"line":54,"column":48},"end":{"line":54,"column":59}},"14":{"start":{"line":55,"column":4},"end":{"line":55,"column":79}},"15":{"start":{"line":55,"column":22},"end":{"line":55,"column":79}},"16":{"start":{"line":56,"column":4},"end":{"line":56,"column":64}},"17":{"start":{"line":57,"column":4},"end":{"line":57,"column":89}},"18":{"start":{"line":61,"column":4},"end":{"line":61,"column":59}},"19":{"start":{"line":61,"column":46},"end":{"line":61,"column":57}},"20":{"start":{"line":62,"column":4},"end":{"line":62,"column":69}},"21":{"start":{"line":4,"column":13},"end":{"line":4,"column":27}},"22":{"start":{"line":4,"column":13},"end":{"line":64,"column":null}}},"fnMap":{"0":{"name":"(anonymous_1)","decl":{"start":{"line":4,"column":7},"end":{"line":4,"column":13}},"loc":{"start":{"line":4,"column":7},"end":{"line":64,"column":1}}},"1":{"name":"(anonymous_2)","decl":{"start":{"line":28,"column":2},"end":{"line":28,"column":7}},"loc":{"start":{"line":28,"column":14},"end":{"line":30,"column":3}}},"2":{"name":"(anonymous_3)","decl":{"start":{"line":32,"column":2},"end":{"line":32,"column":7}},"loc":{"start":{"line":32,"column":31},"end":{"line":36,"column":3}}},"3":{"name":"(anonymous_4)","decl":{"start":{"line":33,"column":37},"end":{"line":33,"column":38}},"loc":{"start":{"line":33,"column":44},"end":{"line":33,"column":55}}},"4":{"name":"(anonymous_5)","decl":{"start":{"line":38,"column":2},"end":{"line":38,"column":7}},"loc":{"start":{"line":38,"column":26},"end":{"line":51,"column":3}}},"5":{"name":"(anonymous_6)","decl":{"start":{"line":53,"column":2},"end":{"line":53,"column":7}},"loc":{"start":{"line":53,"column":40},"end":{"line":58,"column":3}}},"6":{"name":"(anonymous_7)","decl":{"start":{"line":54,"column":41},"end":{"line":54,"column":42}},"loc":{"start":{"line":54,"column":48},"end":{"line":54,"column":59}}},"7":{"name":"(anonymous_8)","decl":{"start":{"line":60,"column":2},"end":{"line":60,"column":7}},"loc":{"start":{"line":60,"column":28},"end":{"line":63,"column":3}}},"8":{"name":"(anonymous_9)","decl":{"start":{"line":61,"column":39},"end":{"line":61,"column":40}},"loc":{"start":{"line":61,"column":46},"end":{"line":61,"column":57}}}},"branchMap":{"0":{"loc":{"start":{"line":34,"column":4},"end":{"line":34,"column":74}},"type":"if","locations":[{"start":{"line":34,"column":4},"end":{"line":34,"column":74}},{"start":{},"end":{}}]},"1":{"loc":{"start":{"line":42,"column":19},"end":{"line":42,"column":44}},"type":"binary-expr","locations":[{"start":{"line":42,"column":19},"end":{"line":42,"column":38}},{"start":{"line":42,"column":42},"end":{"line":42,"column":44}}]},"2":{"loc":{"start":{"line":43,"column":12},"end":{"line":43,"column":30}},"type":"binary-expr","locations":[{"start":{"line":43,"column":12},"end":{"line":43,"column":24}},{"start":{"line":43,"column":28},"end":{"line":43,"column":30}}]},"3":{"loc":{"start":{"line":44,"column":19},"end":{"line":44,"column":52}},"type":"binary-expr","locations":[{"start":{"line":44,"column":19},"end":{"line":44,"column":38}},{"start":{"line":44,"column":42},"end":{"line":44,"column":52}}]},"4":{"loc":{"start":{"line":45,"column":14},"end":{"line":45,"column":40}},"type":"binary-expr","locations":[{"start":{"line":45,"column":14},"end":{"line":45,"column":28}},{"start":{"line":45,"column":32},"end":{"line":45,"column":40}}]},"5":{"loc":{"start":{"line":55,"column":4},"end":{"line":55,"column":79}},"type":"if","locations":[{"start":{"line":55,"column":4},"end":{"line":55,"column":79}},{"start":{},"end":{}}]}},"s":{"0":1,"1":1,"2":4,"3":1,"4":1,"5":2,"6":1,"7":1,"8":0,"9":1,"10":1,"11":1,"12":0,"13":0,"14":0,"15":0,"16":0,"17":0,"18":0,"19":0,"20":0,"21":1,"22":1},"f":{"0":4,"1":1,"2":1,"3":2,"4":1,"5":0,"6":0,"7":0,"8":0},"b":{"0":[1,0],"1":[1,0],"2":[1,0],"3":[1,0],"4":[1,1],"5":[0,0]}}
,"/home/stalker/Vidéos/ITexal/Admin Itexal/backend/src/modules/parametres/parametres.controller.ts": {"path":"/home/stalker/Vidéos/ITexal/Admin Itexal/backend/src/modules/parametres/parametres.controller.ts","statementMap":{"0":{"start":{"line":1,"column":0},"end":{"line":1,"column":71}},"1":{"start":{"line":2,"column":0},"end":{"line":2,"column":57}},"2":{"start":{"line":3,"column":0},"end":{"line":3,"column":83}},"3":{"start":{"line":4,"column":0},"end":{"line":4,"column":61}},"4":{"start":{"line":5,"column":0},"end":{"line":5,"column":66}},"5":{"start":{"line":8,"column":7},"end":{"line":23,"column":null}},"6":{"start":{"line":9,"column":31},"end":{"line":9,"column":50}},"7":{"start":{"line":14,"column":4},"end":{"line":14,"column":44}},"8":{"start":{"line":21,"column":4},"end":{"line":21,"column":63}},"9":{"start":{"line":8,"column":13},"end":{"line":8,"column":33}},"10":{"start":{"line":13,"column":8},"end":{"line":15,"column":null}},"11":{"start":{"line":20,"column":8},"end":{"line":22,"column":null}},"12":{"start":{"line":8,"column":13},"end":{"line":23,"column":null}}},"fnMap":{"0":{"name":"(anonymous_4)","decl":{"start":{"line":9,"column":2},"end":{"line":9,"column":31}},"loc":{"start":{"line":9,"column":67},"end":{"line":9,"column":71}}},"1":{"name":"(anonymous_5)","decl":{"start":{"line":13,"column":8},"end":{"line":13,"column":15}},"loc":{"start":{"line":13,"column":15},"end":{"line":15,"column":3}}},"2":{"name":"(anonymous_6)","decl":{"start":{"line":20,"column":8},"end":{"line":20,"column":16}},"loc":{"start":{"line":20,"column":48},"end":{"line":22,"column":3}}}},"branchMap":{},"s":{"0":0,"1":0,"2":0,"3":0,"4":0,"5":0,"6":0,"7":0,"8":0,"9":0,"10":0,"11":0,"12":0},"f":{"0":0,"1":0,"2":0},"b":{}}
,"/home/stalker/Vidéos/ITexal/Admin Itexal/backend/src/modules/parametres/parametres.service.ts": {"path":"/home/stalker/Vidéos/ITexal/Admin Itexal/backend/src/modules/parametres/parametres.service.ts","statementMap":{"0":{"start":{"line":1,"column":0},"end":{"line":1,"column":44}},"1":{"start":{"line":4,"column":7},"end":{"line":22,"column":null}},"2":{"start":{"line":5,"column":10},"end":{"line":12,"column":4}},"3":{"start":{"line":15,"column":4},"end":{"line":15,"column":54}},"4":{"start":{"line":19,"column":4},"end":{"line":19,"column":68}},"5":{"start":{"line":20,"column":4},"end":{"line":20,"column":101}},"6":{"start":{"line":4,"column":13},"end":{"line":4,"column":30}},"7":{"start":{"line":4,"column":13},"end":{"line":22,"column":null}}},"fnMap":{"0":{"name":"(anonymous_1)","decl":{"start":{"line":4,"column":7},"end":{"line":4,"column":13}},"loc":{"start":{"line":4,"column":7},"end":{"line":22,"column":1}}},"1":{"name":"(anonymous_2)","decl":{"start":{"line":14,"column":2},"end":{"line":14,"column":7}},"loc":{"start":{"line":14,"column":15},"end":{"line":16,"column":3}}},"2":{"name":"(anonymous_3)","decl":{"start":{"line":18,"column":2},"end":{"line":18,"column":7}},"loc":{"start":{"line":18,"column":40},"end":{"line":21,"column":3}}}},"branchMap":{},"s":{"0":1,"1":1,"2":2,"3":1,"4":1,"5":1,"6":1,"7":1},"f":{"0":2,"1":1,"2":1},"b":{}}
,"/home/stalker/Vidéos/ITexal/Admin Itexal/backend/src/modules/produits/produits.controller.ts": {"path":"/home/stalker/Vidéos/ITexal/Admin Itexal/backend/src/modules/produits/produits.controller.ts","statementMap":{"0":{"start":{"line":1,"column":0},"end":{"line":1,"column":92}},"1":{"start":{"line":2,"column":0},"end":{"line":2,"column":53}},"2":{"start":{"line":3,"column":0},"end":{"line":3,"column":83}},"3":{"start":{"line":4,"column":0},"end":{"line":4,"column":61}},"4":{"start":{"line":5,"column":0},"end":{"line":5,"column":66}},"5":{"start":{"line":8,"column":7},"end":{"line":41,"column":null}},"6":{"start":{"line":9,"column":31},"end":{"line":9,"column":48}},"7":{"start":{"line":13,"column":4},"end":{"line":13,"column":41}},"8":{"start":{"line":18,"column":4},"end":{"line":18,"column":49}},"9":{"start":{"line":25,"column":4},"end":{"line":25,"column":47}},"10":{"start":{"line":32,"column":4},"end":{"line":32,"column":53}},"11":{"start":{"line":39,"column":4},"end":{"line":39,"column":46}},"12":{"start":{"line":8,"column":13},"end":{"line":8,"column":31}},"13":{"start":{"line":12,"column":8},"end":{"line":14,"column":null}},"14":{"start":{"line":17,"column":8},"end":{"line":19,"column":null}},"15":{"start":{"line":24,"column":8},"end":{"line":26,"column":null}},"16":{"start":{"line":31,"column":8},"end":{"line":33,"column":null}},"17":{"start":{"line":38,"column":8},"end":{"line":40,"column":null}},"18":{"start":{"line":8,"column":13},"end":{"line":41,"column":null}}},"fnMap":{"0":{"name":"(anonymous_4)","decl":{"start":{"line":9,"column":2},"end":{"line":9,"column":31}},"loc":{"start":{"line":9,"column":63},"end":{"line":9,"column":67}}},"1":{"name":"(anonymous_5)","decl":{"start":{"line":12,"column":8},"end":{"line":12,"column":14}},"loc":{"start":{"line":12,"column":14},"end":{"line":14,"column":3}}},"2":{"name":"(anonymous_6)","decl":{"start":{"line":17,"column":8},"end":{"line":17,"column":20}},"loc":{"start":{"line":17,"column":44},"end":{"line":19,"column":3}}},"3":{"name":"(anonymous_7)","decl":{"start":{"line":24,"column":8},"end":{"line":24,"column":13}},"loc":{"start":{"line":24,"column":34},"end":{"line":26,"column":3}}},"4":{"name":"(anonymous_8)","decl":{"start":{"line":31,"column":8},"end":{"line":31,"column":16}},"loc":{"start":{"line":31,"column":61},"end":{"line":33,"column":3}}},"5":{"name":"(anonymous_9)","decl":{"start":{"line":38,"column":8},"end":{"line":38,"column":17}},"loc":{"start":{"line":38,"column":41},"end":{"line":40,"column":3}}}},"branchMap":{},"s":{"0":0,"1":0,"2":0,"3":0,"4":0,"5":0,"6":0,"7":0,"8":0,"9":0,"10":0,"11":0,"12":0,"13":0,"14":0,"15":0,"16":0,"17":0,"18":0},"f":{"0":0,"1":0,"2":0,"3":0,"4":0,"5":0},"b":{}}
,"/home/stalker/Vidéos/ITexal/Admin Itexal/backend/src/modules/produits/produits.service.ts": {"path":"/home/stalker/Vidéos/ITexal/Admin Itexal/backend/src/modules/produits/produits.service.ts","statementMap":{"0":{"start":{"line":1,"column":0},"end":{"line":1,"column":63}},"1":{"start":{"line":4,"column":7},"end":{"line":61,"column":null}},"2":{"start":{"line":5,"column":10},"end":{"line":28,"column":4}},"3":{"start":{"line":31,"column":4},"end":{"line":31,"column":52}},"4":{"start":{"line":35,"column":20},"end":{"line":35,"column":58}},"5":{"start":{"line":35,"column":46},"end":{"line":35,"column":57}},"6":{"start":{"line":36,"column":4},"end":{"line":36,"column":76}},"7":{"start":{"line":36,"column":18},"end":{"line":36,"column":76}},"8":{"start":{"line":37,"column":4},"end":{"line":37,"column":46}},"9":{"start":{"line":41,"column":20},"end":{"line":45,"column":6}},"10":{"start":{"line":46,"column":4},"end":{"line":46,"column":35}},"11":{"start":{"line":47,"column":4},"end":{"line":47,"column":83}},"12":{"start":{"line":51,"column":18},"end":{"line":51,"column":61}},"13":{"start":{"line":51,"column":49},"end":{"line":51,"column":60}},"14":{"start":{"line":52,"column":4},"end":{"line":52,"column":80}},"15":{"start":{"line":52,"column":22},"end":{"line":52,"column":80}},"16":{"start":{"line":53,"column":4},"end":{"line":53,"column":66}},"17":{"start":{"line":54,"column":4},"end":{"line":54,"column":90}},"18":{"start":{"line":58,"column":4},"end":{"line":58,"column":61}},"19":{"start":{"line":58,"column":48},"end":{"line":58,"column":59}},"20":{"start":{"line":59,"column":4},"end":{"line":59,"column":69}},"21":{"start":{"line":4,"column":13},"end":{"line":4,"column":28}},"22":{"start":{"line":4,"column":13},"end":{"line":61,"column":null}}},"fnMap":{"0":{"name":"(anonymous_1)","decl":{"start":{"line":4,"column":7},"end":{"line":4,"column":13}},"loc":{"start":{"line":4,"column":7},"end":{"line":61,"column":1}}},"1":{"name":"(anonymous_2)","decl":{"start":{"line":30,"column":2},"end":{"line":30,"column":7}},"loc":{"start":{"line":30,"column":14},"end":{"line":32,"column":3}}},"2":{"name":"(anonymous_3)","decl":{"start":{"line":34,"column":2},"end":{"line":34,"column":7}},"loc":{"start":{"line":34,"column":31},"end":{"line":38,"column":3}}},"3":{"name":"(anonymous_4)","decl":{"start":{"line":35,"column":39},"end":{"line":35,"column":40}},"loc":{"start":{"line":35,"column":46},"end":{"line":35,"column":57}}},"4":{"name":"(anonymous_5)","decl":{"start":{"line":40,"column":2},"end":{"line":40,"column":7}},"loc":{"start":{"line":40,"column":26},"end":{"line":48,"column":3}}},"5":{"name":"(anonymous_6)","decl":{"start":{"line":50,"column":2},"end":{"line":50,"column":7}},"loc":{"start":{"line":50,"column":40},"end":{"line":55,"column":3}}},"6":{"name":"(anonymous_7)","decl":{"start":{"line":51,"column":42},"end":{"line":51,"column":43}},"loc":{"start":{"line":51,"column":49},"end":{"line":51,"column":60}}},"7":{"name":"(anonymous_8)","decl":{"start":{"line":57,"column":2},"end":{"line":57,"column":7}},"loc":{"start":{"line":57,"column":28},"end":{"line":60,"column":3}}},"8":{"name":"(anonymous_9)","decl":{"start":{"line":58,"column":41},"end":{"line":58,"column":42}},"loc":{"start":{"line":58,"column":48},"end":{"line":58,"column":59}}}},"branchMap":{"0":{"loc":{"start":{"line":36,"column":4},"end":{"line":36,"column":76}},"type":"if","locations":[{"start":{"line":36,"column":4},"end":{"line":36,"column":76}},{"start":{},"end":{}}]},"1":{"loc":{"start":{"line":52,"column":4},"end":{"line":52,"column":80}},"type":"if","locations":[{"start":{"line":52,"column":4},"end":{"line":52,"column":80}},{"start":{},"end":{}}]}},"s":{"0":1,"1":1,"2":4,"3":1,"4":1,"5":2,"6":1,"7":1,"8":0,"9":1,"10":1,"11":1,"12":0,"13":0,"14":0,"15":0,"16":0,"17":0,"18":0,"19":0,"20":0,"21":1,"22":1},"f":{"0":4,"1":1,"2":1,"3":2,"4":1,"5":0,"6":0,"7":0,"8":0},"b":{"0":[1,0],"1":[0,0]}}
,"/home/stalker/Vidéos/ITexal/Admin Itexal/backend/src/modules/promotions/promotions.controller.ts": {"path":"/home/stalker/Vidéos/ITexal/Admin Itexal/backend/src/modules/promotions/promotions.controller.ts","statementMap":{"0":{"start":{"line":1,"column":0},"end":{"line":1,"column":92}},"1":{"start":{"line":2,"column":0},"end":{"line":2,"column":57}},"2":{"start":{"line":3,"column":0},"end":{"line":3,"column":83}},"3":{"start":{"line":4,"column":0},"end":{"line":4,"column":61}},"4":{"start":{"line":5,"column":0},"end":{"line":5,"column":66}},"5":{"start":{"line":8,"column":7},"end":{"line":36,"column":null}},"6":{"start":{"line":9,"column":31},"end":{"line":9,"column":50}},"7":{"start":{"line":13,"column":4},"end":{"line":13,"column":43}},"8":{"start":{"line":20,"column":4},"end":{"line":20,"column":49}},"9":{"start":{"line":27,"column":4},"end":{"line":27,"column":55}},"10":{"start":{"line":34,"column":4},"end":{"line":34,"column":48}},"11":{"start":{"line":8,"column":13},"end":{"line":8,"column":33}},"12":{"start":{"line":12,"column":8},"end":{"line":14,"column":null}},"13":{"start":{"line":19,"column":8},"end":{"line":21,"column":null}},"14":{"start":{"line":26,"column":8},"end":{"line":28,"column":null}},"15":{"start":{"line":33,"column":8},"end":{"line":35,"column":null}},"16":{"start":{"line":8,"column":13},"end":{"line":36,"column":null}}},"fnMap":{"0":{"name":"(anonymous_4)","decl":{"start":{"line":9,"column":2},"end":{"line":9,"column":31}},"loc":{"start":{"line":9,"column":67},"end":{"line":9,"column":71}}},"1":{"name":"(anonymous_5)","decl":{"start":{"line":12,"column":8},"end":{"line":12,"column":14}},"loc":{"start":{"line":12,"column":14},"end":{"line":14,"column":3}}},"2":{"name":"(anonymous_6)","decl":{"start":{"line":19,"column":8},"end":{"line":19,"column":13}},"loc":{"start":{"line":19,"column":34},"end":{"line":21,"column":3}}},"3":{"name":"(anonymous_7)","decl":{"start":{"line":26,"column":8},"end":{"line":26,"column":16}},"loc":{"start":{"line":26,"column":61},"end":{"line":28,"column":3}}},"4":{"name":"(anonymous_8)","decl":{"start":{"line":33,"column":8},"end":{"line":33,"column":17}},"loc":{"start":{"line":33,"column":41},"end":{"line":35,"column":3}}}},"branchMap":{},"s":{"0":0,"1":0,"2":0,"3":0,"4":0,"5":0,"6":0,"7":0,"8":0,"9":0,"10":0,"11":0,"12":0,"13":0,"14":0,"15":0,"16":0},"f":{"0":0,"1":0,"2":0,"3":0,"4":0},"b":{}}
,"/home/stalker/Vidéos/ITexal/Admin Itexal/backend/src/modules/promotions/promotions.service.ts": {"path":"/home/stalker/Vidéos/ITexal/Admin Itexal/backend/src/modules/promotions/promotions.service.ts","statementMap":{"0":{"start":{"line":1,"column":0},"end":{"line":1,"column":63}},"1":{"start":{"line":4,"column":7},"end":{"line":43,"column":null}},"2":{"start":{"line":5,"column":10},"end":{"line":15,"column":4}},"3":{"start":{"line":18,"column":4},"end":{"line":18,"column":54}},"4":{"start":{"line":22,"column":21},"end":{"line":27,"column":6}},"5":{"start":{"line":28,"column":4},"end":{"line":28,"column":35}},"6":{"start":{"line":29,"column":4},"end":{"line":29,"column":75}},"7":{"start":{"line":33,"column":18},"end":{"line":33,"column":63}},"8":{"start":{"line":33,"column":51},"end":{"line":33,"column":62}},"9":{"start":{"line":34,"column":4},"end":{"line":34,"column":82}},"10":{"start":{"line":34,"column":22},"end":{"line":34,"column":82}},"11":{"start":{"line":35,"column":4},"end":{"line":35,"column":70}},"12":{"start":{"line":36,"column":4},"end":{"line":36,"column":95}},"13":{"start":{"line":40,"column":4},"end":{"line":40,"column":65}},"14":{"start":{"line":40,"column":52},"end":{"line":40,"column":63}},"15":{"start":{"line":41,"column":4},"end":{"line":41,"column":60}},"16":{"start":{"line":4,"column":13},"end":{"line":4,"column":30}},"17":{"start":{"line":4,"column":13},"end":{"line":43,"column":null}}},"fnMap":{"0":{"name":"(anonymous_1)","decl":{"start":{"line":4,"column":7},"end":{"line":4,"column":13}},"loc":{"start":{"line":4,"column":7},"end":{"line":43,"column":1}}},"1":{"name":"(anonymous_2)","decl":{"start":{"line":17,"column":2},"end":{"line":17,"column":7}},"loc":{"start":{"line":17,"column":14},"end":{"line":19,"column":3}}},"2":{"name":"(anonymous_3)","decl":{"start":{"line":21,"column":2},"end":{"line":21,"column":7}},"loc":{"start":{"line":21,"column":26},"end":{"line":30,"column":3}}},"3":{"name":"(anonymous_4)","decl":{"start":{"line":32,"column":2},"end":{"line":32,"column":7}},"loc":{"start":{"line":32,"column":40},"end":{"line":37,"column":3}}},"4":{"name":"(anonymous_5)","decl":{"start":{"line":33,"column":44},"end":{"line":33,"column":45}},"loc":{"start":{"line":33,"column":51},"end":{"line":33,"column":62}}},"5":{"name":"(anonymous_6)","decl":{"start":{"line":39,"column":2},"end":{"line":39,"column":7}},"loc":{"start":{"line":39,"column":28},"end":{"line":42,"column":3}}},"6":{"name":"(anonymous_7)","decl":{"start":{"line":40,"column":45},"end":{"line":40,"column":46}},"loc":{"start":{"line":40,"column":52},"end":{"line":40,"column":63}}}},"branchMap":{"0":{"loc":{"start":{"line":34,"column":4},"end":{"line":34,"column":82}},"type":"if","locations":[{"start":{"line":34,"column":4},"end":{"line":34,"column":82}},{"start":{},"end":{}}]}},"s":{"0":1,"1":1,"2":5,"3":1,"4":1,"5":1,"6":1,"7":2,"8":2,"9":2,"10":1,"11":1,"12":1,"13":1,"14":1,"15":1,"16":1,"17":1},"f":{"0":5,"1":1,"2":1,"3":2,"4":2,"5":1,"6":1},"b":{"0":[1,1]}}
,"/home/stalker/Vidéos/ITexal/Admin Itexal/backend/src/modules/stocks/stocks.controller.ts": {"path":"/home/stalker/Vidéos/ITexal/Admin Itexal/backend/src/modules/stocks/stocks.controller.ts","statementMap":{"0":{"start":{"line":1,"column":0},"end":{"line":1,"column":78}},"1":{"start":{"line":2,"column":0},"end":{"line":2,"column":49}},"2":{"start":{"line":3,"column":0},"end":{"line":3,"column":83}},"3":{"start":{"line":4,"column":0},"end":{"line":4,"column":61}},"4":{"start":{"line":5,"column":0},"end":{"line":5,"column":66}},"5":{"start":{"line":8,"column":7},"end":{"line":26,"column":null}},"6":{"start":{"line":9,"column":31},"end":{"line":9,"column":46}},"7":{"start":{"line":14,"column":4},"end":{"line":14,"column":39}},"8":{"start":{"line":24,"column":4},"end":{"line":24,"column":53}},"9":{"start":{"line":8,"column":13},"end":{"line":8,"column":29}},"10":{"start":{"line":13,"column":8},"end":{"line":15,"column":null}},"11":{"start":{"line":20,"column":8},"end":{"line":25,"column":null}},"12":{"start":{"line":8,"column":13},"end":{"line":26,"column":null}}},"fnMap":{"0":{"name":"(anonymous_4)","decl":{"start":{"line":9,"column":2},"end":{"line":9,"column":31}},"loc":{"start":{"line":9,"column":59},"end":{"line":9,"column":63}}},"1":{"name":"(anonymous_5)","decl":{"start":{"line":13,"column":8},"end":{"line":13,"column":14}},"loc":{"start":{"line":13,"column":14},"end":{"line":15,"column":3}}},"2":{"name":"(anonymous_6)","decl":{"start":{"line":20,"column":8},"end":{"line":20,"column":20}},"loc":{"start":{"line":22,"column":73},"end":{"line":25,"column":3}}}},"branchMap":{},"s":{"0":0,"1":0,"2":0,"3":0,"4":0,"5":0,"6":0,"7":0,"8":0,"9":0,"10":0,"11":0,"12":0},"f":{"0":0,"1":0,"2":0},"b":{}}
,"/home/stalker/Vidéos/ITexal/Admin Itexal/backend/src/modules/stocks/stocks.service.ts": {"path":"/home/stalker/Vidéos/ITexal/Admin Itexal/backend/src/modules/stocks/stocks.service.ts","statementMap":{"0":{"start":{"line":1,"column":0},"end":{"line":1,"column":63}},"1":{"start":{"line":4,"column":7},"end":{"line":25,"column":null}},"2":{"start":{"line":5,"column":10},"end":{"line":8,"column":4}},"3":{"start":{"line":11,"column":4},"end":{"line":11,"column":50}},"4":{"start":{"line":15,"column":17},"end":{"line":15,"column":53}},"5":{"start":{"line":15,"column":41},"end":{"line":15,"column":52}},"6":{"start":{"line":16,"column":4},"end":{"line":16,"column":97}},"7":{"start":{"line":16,"column":15},"end":{"line":16,"column":97}},"8":{"start":{"line":18,"column":4},"end":{"line":18,"column":30}},"9":{"start":{"line":19,"column":4},"end":{"line":19,"column":71}},"10":{"start":{"line":19,"column":39},"end":{"line":19,"column":71}},"11":{"start":{"line":20,"column":4},"end":{"line":20,"column":71}},"12":{"start":{"line":20,"column":39},"end":{"line":20,"column":71}},"13":{"start":{"line":21,"column":4},"end":{"line":21,"column":84}},"14":{"start":{"line":23,"column":4},"end":{"line":23,"column":80}},"15":{"start":{"line":4,"column":13},"end":{"line":4,"column":26}},"16":{"start":{"line":4,"column":13},"end":{"line":25,"column":null}}},"fnMap":{"0":{"name":"(anonymous_1)","decl":{"start":{"line":4,"column":7},"end":{"line":4,"column":13}},"loc":{"start":{"line":4,"column":7},"end":{"line":25,"column":1}}},"1":{"name":"(anonymous_2)","decl":{"start":{"line":10,"column":2},"end":{"line":10,"column":7}},"loc":{"start":{"line":10,"column":14},"end":{"line":12,"column":3}}},"2":{"name":"(anonymous_3)","decl":{"start":{"line":14,"column":2},"end":{"line":14,"column":7}},"loc":{"start":{"line":14,"column":96},"end":{"line":24,"column":3}}},"3":{"name":"(anonymous_4)","decl":{"start":{"line":15,"column":34},"end":{"line":15,"column":35}},"loc":{"start":{"line":15,"column":41},"end":{"line":15,"column":52}}}},"branchMap":{"0":{"loc":{"start":{"line":16,"column":4},"end":{"line":16,"column":97}},"type":"if","locations":[{"start":{"line":16,"column":4},"end":{"line":16,"column":97}},{"start":{},"end":{}}]},"1":{"loc":{"start":{"line":19,"column":4},"end":{"line":19,"column":71}},"type":"if","locations":[{"start":{"line":19,"column":4},"end":{"line":19,"column":71}},{"start":{},"end":{}}]},"2":{"loc":{"start":{"line":20,"column":4},"end":{"line":20,"column":71}},"type":"if","locations":[{"start":{"line":20,"column":4},"end":{"line":20,"column":71}},{"start":{},"end":{}}]},"3":{"loc":{"start":{"line":21,"column":18},"end":{"line":21,"column":83}},"type":"cond-expr","locations":[{"start":{"line":21,"column":48},"end":{"line":21,"column":69}},{"start":{"line":21,"column":72},"end":{"line":21,"column":83}}]}},"s":{"0":1,"1":1,"2":4,"3":1,"4":3,"5":5,"6":3,"7":1,"8":2,"9":2,"10":1,"11":2,"12":0,"13":2,"14":2,"15":1,"16":1},"f":{"0":4,"1":1,"2":3,"3":5},"b":{"0":[1,2],"1":[1,1],"2":[0,2],"3":[1,1]}}
,"/home/stalker/Vidéos/ITexal/Admin Itexal/backend/src/modules/upload/upload.controller.ts": {"path":"/home/stalker/Vidéos/ITexal/Admin Itexal/backend/src/modules/upload/upload.controller.ts","statementMap":{"0":{"start":{"line":1,"column":0},"end":{"line":1,"column":56}},"1":{"start":{"line":2,"column":0},"end":{"line":2,"column":49}},"2":{"start":{"line":5,"column":7},"end":{"line":12,"column":null}},"3":{"start":{"line":6,"column":31},"end":{"line":6,"column":46}},"4":{"start":{"line":10,"column":4},"end":{"line":10,"column":52}},"5":{"start":{"line":5,"column":13},"end":{"line":5,"column":29}},"6":{"start":{"line":9,"column":8},"end":{"line":11,"column":null}},"7":{"start":{"line":5,"column":13},"end":{"line":12,"column":null}}},"fnMap":{"0":{"name":"(anonymous_4)","decl":{"start":{"line":6,"column":2},"end":{"line":6,"column":31}},"loc":{"start":{"line":6,"column":59},"end":{"line":6,"column":63}}},"1":{"name":"(anonymous_5)","decl":{"start":{"line":9,"column":8},"end":{"line":9,"column":23}},"loc":{"start":{"line":9,"column":70},"end":{"line":11,"column":3}}}},"branchMap":{},"s":{"0":0,"1":0,"2":0,"3":0,"4":0,"5":0,"6":0,"7":0},"f":{"0":0,"1":0},"b":{}}
,"/home/stalker/Vidéos/ITexal/Admin Itexal/backend/src/modules/upload/upload.service.ts": {"path":"/home/stalker/Vidéos/ITexal/Admin Itexal/backend/src/modules/upload/upload.service.ts","statementMap":{"0":{"start":{"line":1,"column":0},"end":{"line":1,"column":44}},"1":{"start":{"line":4,"column":7},"end":{"line":16,"column":null}},"2":{"start":{"line":6,"column":4},"end":{"line":8,"column":5}},"3":{"start":{"line":7,"column":6},"end":{"line":7,"column":74}},"4":{"start":{"line":10,"column":4},"end":{"line":14,"column":6}},"5":{"start":{"line":4,"column":13},"end":{"line":4,"column":26}},"6":{"start":{"line":4,"column":13},"end":{"line":16,"column":null}}},"fnMap":{"0":{"name":"(anonymous_1)","decl":{"start":{"line":5,"column":2},"end":{"line":5,"column":7}},"loc":{"start":{"line":5,"column":62},"end":{"line":15,"column":3}}}},"branchMap":{"0":{"loc":{"start":{"line":6,"column":4},"end":{"line":8,"column":5}},"type":"if","locations":[{"start":{"line":6,"column":4},"end":{"line":8,"column":5}},{"start":{},"end":{}}]}},"s":{"0":1,"1":1,"2":2,"3":1,"4":1,"5":1,"6":1},"f":{"0":2},"b":{"0":[1,1]}}
,"/home/stalker/Vidéos/ITexal/Admin Itexal/backend/src/modules/utilisateurs/utilisateurs.controller.ts": {"path":"/home/stalker/Vidéos/ITexal/Admin Itexal/backend/src/modules/utilisateurs/utilisateurs.controller.ts","statementMap":{"0":{"start":{"line":1,"column":0},"end":{"line":1,"column":92}},"1":{"start":{"line":2,"column":0},"end":{"line":2,"column":61}},"2":{"start":{"line":3,"column":0},"end":{"line":3,"column":83}},"3":{"start":{"line":4,"column":0},"end":{"line":4,"column":61}},"4":{"start":{"line":5,"column":0},"end":{"line":5,"column":66}},"5":{"start":{"line":10,"column":7},"end":{"line":37,"column":null}},"6":{"start":{"line":11,"column":31},"end":{"line":11,"column":52}},"7":{"start":{"line":15,"column":4},"end":{"line":15,"column":45}},"8":{"start":{"line":20,"column":4},"end":{"line":20,"column":53}},"9":{"start":{"line":25,"column":4},"end":{"line":25,"column":51}},"10":{"start":{"line":30,"column":4},"end":{"line":30,"column":57}},"11":{"start":{"line":35,"column":4},"end":{"line":35,"column":50}},"12":{"start":{"line":10,"column":13},"end":{"line":10,"column":35}},"13":{"start":{"line":14,"column":8},"end":{"line":16,"column":null}},"14":{"start":{"line":19,"column":8},"end":{"line":21,"column":null}},"15":{"start":{"line":24,"column":8},"end":{"line":26,"column":null}},"16":{"start":{"line":29,"column":8},"end":{"line":31,"column":null}},"17":{"start":{"line":34,"column":8},"end":{"line":36,"column":null}},"18":{"start":{"line":10,"column":13},"end":{"line":37,"column":null}}},"fnMap":{"0":{"name":"(anonymous_4)","decl":{"start":{"line":11,"column":2},"end":{"line":11,"column":31}},"loc":{"start":{"line":11,"column":71},"end":{"line":11,"column":75}}},"1":{"name":"(anonymous_5)","decl":{"start":{"line":14,"column":8},"end":{"line":14,"column":14}},"loc":{"start":{"line":14,"column":14},"end":{"line":16,"column":3}}},"2":{"name":"(anonymous_6)","decl":{"start":{"line":19,"column":8},"end":{"line":19,"column":20}},"loc":{"start":{"line":19,"column":44},"end":{"line":21,"column":3}}},"3":{"name":"(anonymous_7)","decl":{"start":{"line":24,"column":8},"end":{"line":24,"column":13}},"loc":{"start":{"line":24,"column":34},"end":{"line":26,"column":3}}},"4":{"name":"(anonymous_8)","decl":{"start":{"line":29,"column":8},"end":{"line":29,"column":16}},"loc":{"start":{"line":29,"column":61},"end":{"line":31,"column":3}}},"5":{"name":"(anonymous_9)","decl":{"start":{"line":34,"column":8},"end":{"line":34,"column":17}},"loc":{"start":{"line":34,"column":41},"end":{"line":36,"column":3}}}},"branchMap":{},"s":{"0":0,"1":0,"2":0,"3":0,"4":0,"5":0,"6":0,"7":0,"8":0,"9":0,"10":0,"11":0,"12":0,"13":0,"14":0,"15":0,"16":0,"17":0,"18":0},"f":{"0":0,"1":0,"2":0,"3":0,"4":0,"5":0},"b":{}}
,"/home/stalker/Vidéos/ITexal/Admin Itexal/backend/src/modules/utilisateurs/utilisateurs.service.ts": {"path":"/home/stalker/Vidéos/ITexal/Admin Itexal/backend/src/modules/utilisateurs/utilisateurs.service.ts","statementMap":{"0":{"start":{"line":1,"column":0},"end":{"line":1,"column":63}},"1":{"start":{"line":2,"column":0},"end":{"line":2,"column":35}},"2":{"start":{"line":5,"column":7},"end":{"line":73,"column":null}},"3":{"start":{"line":6,"column":10},"end":{"line":23,"column":4}},"4":{"start":{"line":26,"column":4},"end":{"line":26,"column":56}},"5":{"start":{"line":30,"column":16},"end":{"line":30,"column":58}},"6":{"start":{"line":30,"column":46},"end":{"line":30,"column":57}},"7":{"start":{"line":31,"column":4},"end":{"line":31,"column":76}},"8":{"start":{"line":31,"column":14},"end":{"line":31,"column":76}},"9":{"start":{"line":32,"column":4},"end":{"line":32,"column":42}},"10":{"start":{"line":36,"column":17},"end":{"line":36,"column":41}},"11":{"start":{"line":37,"column":17},"end":{"line":37,"column":77}},"12":{"start":{"line":39,"column":20},"end":{"line":47,"column":6}},"13":{"start":{"line":48,"column":4},"end":{"line":48,"column":36}},"14":{"start":{"line":51,"column":55},"end":{"line":51,"column":62}},"15":{"start":{"line":52,"column":4},"end":{"line":52,"column":87}},"16":{"start":{"line":56,"column":18},"end":{"line":56,"column":65}},"17":{"start":{"line":56,"column":53},"end":{"line":56,"column":64}},"18":{"start":{"line":57,"column":4},"end":{"line":57,"column":84}},"19":{"start":{"line":57,"column":22},"end":{"line":57,"column":84}},"20":{"start":{"line":59,"column":4},"end":{"line":63,"column":5}},"21":{"start":{"line":60,"column":19},"end":{"line":60,"column":43}},"22":{"start":{"line":61,"column":6},"end":{"line":61,"column":73}},"23":{"start":{"line":62,"column":6},"end":{"line":62,"column":31}},"24":{"start":{"line":65,"column":4},"end":{"line":65,"column":74}},"25":{"start":{"line":66,"column":4},"end":{"line":66,"column":98}},"26":{"start":{"line":70,"column":4},"end":{"line":70,"column":69}},"27":{"start":{"line":70,"column":56},"end":{"line":70,"column":67}},"28":{"start":{"line":71,"column":4},"end":{"line":71,"column":61}},"29":{"start":{"line":5,"column":13},"end":{"line":5,"column":32}},"30":{"start":{"line":5,"column":13},"end":{"line":73,"column":null}}},"fnMap":{"0":{"name":"(anonymous_1)","decl":{"start":{"line":5,"column":7},"end":{"line":5,"column":13}},"loc":{"start":{"line":5,"column":7},"end":{"line":73,"column":1}}},"1":{"name":"(anonymous_2)","decl":{"start":{"line":25,"column":2},"end":{"line":25,"column":7}},"loc":{"start":{"line":25,"column":14},"end":{"line":27,"column":3}}},"2":{"name":"(anonymous_3)","decl":{"start":{"line":29,"column":2},"end":{"line":29,"column":7}},"loc":{"start":{"line":29,"column":31},"end":{"line":33,"column":3}}},"3":{"name":"(anonymous_4)","decl":{"start":{"line":30,"column":39},"end":{"line":30,"column":40}},"loc":{"start":{"line":30,"column":46},"end":{"line":30,"column":57}}},"4":{"name":"(anonymous_5)","decl":{"start":{"line":35,"column":2},"end":{"line":35,"column":7}},"loc":{"start":{"line":35,"column":26},"end":{"line":53,"column":3}}},"5":{"name":"(anonymous_6)","decl":{"start":{"line":55,"column":2},"end":{"line":55,"column":7}},"loc":{"start":{"line":55,"column":40},"end":{"line":67,"column":3}}},"6":{"name":"(anonymous_7)","decl":{"start":{"line":56,"column":46},"end":{"line":56,"column":47}},"loc":{"start":{"line":56,"column":53},"end":{"line":56,"column":64}}},"7":{"name":"(anonymous_8)","decl":{"start":{"line":69,"column":2},"end":{"line":69,"column":7}},"loc":{"start":{"line":69,"column":28},"end":{"line":72,"column":3}}},"8":{"name":"(anonymous_9)","decl":{"start":{"line":70,"column":49},"end":{"line":70,"column":50}},"loc":{"start":{"line":70,"column":56},"end":{"line":70,"column":67}}}},"branchMap":{"0":{"loc":{"start":{"line":31,"column":4},"end":{"line":31,"column":76}},"type":"if","locations":[{"start":{"line":31,"column":4},"end":{"line":31,"column":76}},{"start":{},"end":{}}]},"1":{"loc":{"start":{"line":37,"column":35},"end":{"line":37,"column":70}},"type":"binary-expr","locations":[{"start":{"line":37,"column":35},"end":{"line":37,"column":53}},{"start":{"line":37,"column":57},"end":{"line":37,"column":70}}]},"2":{"loc":{"start":{"line":43,"column":12},"end":{"line":43,"column":51}},"type":"binary-expr","locations":[{"start":{"line":43,"column":12},"end":{"line":43,"column":24}},{"start":{"line":43,"column":28},"end":{"line":43,"column":51}}]},"3":{"loc":{"start":{"line":57,"column":4},"end":{"line":57,"column":84}},"type":"if","locations":[{"start":{"line":57,"column":4},"end":{"line":57,"column":84}},{"start":{},"end":{}}]},"4":{"loc":{"start":{"line":59,"column":4},"end":{"line":63,"column":5}},"type":"if","locations":[{"start":{"line":59,"column":4},"end":{"line":63,"column":5}},{"start":{},"end":{}}]}},"s":{"0":1,"1":1,"2":1,"3":7,"4":1,"5":2,"6":3,"7":2,"8":1,"9":1,"10":1,"11":1,"12":1,"13":1,"14":1,"15":1,"16":2,"17":3,"18":2,"19":1,"20":1,"21":1,"22":1,"23":1,"24":1,"25":1,"26":1,"27":2,"28":1,"29":1,"30":1},"f":{"0":7,"1":1,"2":2,"3":3,"4":1,"5":2,"6":3,"7":1,"8":2},"b":{"0":[1,1],"1":[1,0],"2":[1,0],"3":[1,1],"4":[1,0]}}
}
